<?xml version="1.0" encoding="UTF-8"?>
<!-- Generated by org.testng.reporters.JUnitXMLReporter -->
<testsuite ignored="0" hostname="DESKTOP-VGTAJOO" failures="0" tests="3" name="Test" time="69.155" errors="0" timestamp="2025-01-01T14:49:47 IST">
  <testcase classname="testCases.TC001_LoginTest" name="verifyLogin" time="9.167"/>
  <testcase classname="testCases.TC001_LoginTest" name="verifyLogin" time="14.695"/>
  <testcase classname="testCases.TC003_RecruitmentAdd" name="verifyRecruitmentAdd" time="11.067"/>
</testsuite> <!-- Test -->
