<?xml version="1.0" encoding="UTF-8"?>
<!-- Generated by org.testng.reporters.JUnitXMLReporter -->
<testsuite ignored="0" hostname="DESKTOP-VGTAJOO" failures="0" tests="3" name="Test" time="57.556" errors="0" timestamp="2024-12-30T11:29:03 IST">
  <testcase classname="testCases.TC001_LoginTest" name="verifyLogin" time="8.731"/>
  <testcase classname="testCases.TC001_LoginTest" name="verifyLogin" time="14.785"/>
  <testcase classname="testCases.TC003_RecruitmentAdd" name="verifyRecruitmentAdd" time="11.831"/>
</testsuite> <!-- Test -->
