<?xml version="1.0" encoding="UTF-8"?>
<!-- Generated by org.testng.reporters.JUnitXMLReporter -->
<testsuite ignored="0" hostname="DESKTOP-VGTAJOO" failures="0" tests="3" name="Test" time="52.814" errors="0" timestamp="2025-01-01T15:02:20 IST">
  <testcase classname="testCases.TC001_LoginTest" name="verifyLogin" time="8.742"/>
  <testcase classname="testCases.TC001_LoginTest" name="verifyLogin" time="14.684"/>
  <testcase classname="testCases.TC003_RecruitmentAdd" name="verifyRecruitmentAdd" time="10.98"/>
</testsuite> <!-- Test -->
