<?xml version="1.0" encoding="UTF-8"?>
<testng-results ignored="0" total="3" passed="3" failed="0" skipped="0">
  <reporter-output>
  </reporter-output>
  <suite started-at="2025-01-01T15:01:27 IST" name="Suite" finished-at="2025-01-01T15:02:19 IST" duration-ms="52814">
    <groups>
      <group name="datadriven">
        <method signature="TC001_LoginTest.verifyLogin(java.lang.String,java.lang.String,java.lang.String)[pri:0, instance:testCases.TC001_LoginTest@ccb4b1b]" name="verifyLogin" class="testCases.TC001_LoginTest"/>
      </group> <!-- datadriven -->
      <group name="regression">
        <method signature="TC003_RecruitmentAdd.verifyRecruitmentAdd()[pri:0, instance:testCases.TC003_RecruitmentAdd@710b18a6]" name="verifyRecruitmentAdd" class="testCases.TC003_RecruitmentAdd"/>
      </group> <!-- regression -->
      <group name="sanity">
        <method signature="TC003_RecruitmentAdd.verifyRecruitmentAdd()[pri:0, instance:testCases.TC003_RecruitmentAdd@710b18a6]" name="verifyRecruitmentAdd" class="testCases.TC003_RecruitmentAdd"/>
      </group> <!-- sanity -->
      <group name="master">
        <method signature="TC001_LoginTest.verifyLogin(java.lang.String,java.lang.String,java.lang.String)[pri:0, instance:testCases.TC001_LoginTest@ccb4b1b]" name="verifyLogin" class="testCases.TC001_LoginTest"/>
        <method signature="TC003_RecruitmentAdd.verifyRecruitmentAdd()[pri:0, instance:testCases.TC003_RecruitmentAdd@710b18a6]" name="verifyRecruitmentAdd" class="testCases.TC003_RecruitmentAdd"/>
      </group> <!-- master -->
    </groups>
    <test started-at="2025-01-01T15:01:27 IST" name="Test" finished-at="2025-01-01T15:02:19 IST" duration-ms="52814">
      <class name="testCases.TC003_RecruitmentAdd">
        <test-method is-config="true" signature="setup(java.lang.String,java.lang.String)[pri:0, instance:testCases.TC003_RecruitmentAdd@710b18a6]" started-at="2025-01-01T15:01:56 IST" name="setup" finished-at="2025-01-01T15:02:08 IST" duration-ms="12622" status="PASS">
          <params>
            <param index="0">
              <value>
                <![CDATA[Windows]]>
              </value>
            </param>
            <param index="1">
              <value>
                <![CDATA[chrome]]>
              </value>
            </param>
          </params>
          <reporter-output>
          </reporter-output>
        </test-method> <!-- setup -->
        <test-method signature="verifyRecruitmentAdd()[pri:0, instance:testCases.TC003_RecruitmentAdd@710b18a6]" started-at="2025-01-01T15:02:08 IST" name="verifyRecruitmentAdd" finished-at="2025-01-01T15:02:19 IST" duration-ms="10980" status="PASS">
          <reporter-output>
          </reporter-output>
        </test-method> <!-- verifyRecruitmentAdd -->
        <test-method is-config="true" signature="tearDown()[pri:0, instance:testCases.TC003_RecruitmentAdd@710b18a6]" started-at="2025-01-01T15:02:19 IST" name="tearDown" finished-at="2025-01-01T15:02:19 IST" duration-ms="194" status="PASS">
          <reporter-output>
          </reporter-output>
        </test-method> <!-- tearDown -->
      </class> <!-- testCases.TC003_RecruitmentAdd -->
      <class name="testCases.TC001_LoginTest">
        <test-method is-config="true" signature="setup()[pri:0, instance:testCases.TC001_LoginTest@ccb4b1b]" started-at="2025-01-01T15:01:27 IST" name="setup" finished-at="2025-01-01T15:01:31 IST" duration-ms="4308" status="PASS">
          <reporter-output>
          </reporter-output>
        </test-method> <!-- setup -->
        <test-method signature="verifyLogin(java.lang.String,java.lang.String,java.lang.String)[pri:0, instance:testCases.TC001_LoginTest@ccb4b1b]" started-at="2025-01-01T15:01:32 IST" name="verifyLogin" data-provider="loginData" finished-at="2025-01-01T15:01:41 IST" duration-ms="8742" status="PASS">
          <params>
            <param index="0">
              <value>
                <![CDATA[Admin]]>
              </value>
            </param>
            <param index="1">
              <value>
                <![CDATA[admin123]]>
              </value>
            </param>
            <param index="2">
              <value>
                <![CDATA[Valid]]>
              </value>
            </param>
          </params>
          <reporter-output>
          </reporter-output>
        </test-method> <!-- verifyLogin -->
        <test-method signature="verifyLogin(java.lang.String,java.lang.String,java.lang.String)[pri:0, instance:testCases.TC001_LoginTest@ccb4b1b]" started-at="2025-01-01T15:01:41 IST" name="verifyLogin" data-provider="loginData" finished-at="2025-01-01T15:01:55 IST" duration-ms="14684" status="PASS">
          <params>
            <param index="0">
              <value>
                <![CDATA[]]>
              </value>
            </param>
            <param index="1">
              <value>
                <![CDATA[admin123]]>
              </value>
            </param>
            <param index="2">
              <value>
                <![CDATA[Invalid]]>
              </value>
            </param>
          </params>
          <reporter-output>
          </reporter-output>
        </test-method> <!-- verifyLogin -->
        <test-method is-config="true" signature="tearDown()[pri:0, instance:testCases.TC001_LoginTest@ccb4b1b]" started-at="2025-01-01T15:01:55 IST" name="tearDown" finished-at="2025-01-01T15:01:56 IST" duration-ms="213" status="PASS">
          <reporter-output>
          </reporter-output>
        </test-method> <!-- tearDown -->
      </class> <!-- testCases.TC001_LoginTest -->
    </test> <!-- Test -->
  </suite> <!-- Suite -->
</testng-results>
